<?xml version="1.0" encoding="UTF-8"?>
<!-- Generated by org.testng.reporters.JUnitReportReporter -->
<testsuite hostname="LAPTOP-RQPC0HP2" failures="0" tests="15" name="hera.wcrl.webcontrol" time="300.267" errors="0" timestamp="9 May 2022 15:22:20 GMT">
  <testcase classname="hera.wcrl.webcontrol" name="runKDD" time="16.016"/>
  <testcase classname="hera.wcrl.webcontrol" name="runKDD" time="18.885"/>
  <testcase classname="hera.wcrl.webcontrol" name="runKDD" time="21.469"/>
  <testcase classname="hera.wcrl.webcontrol" name="runKDD" time="16.201"/>
  <testcase classname="hera.wcrl.webcontrol" name="runKDD" time="14.203"/>
  <testcase classname="hera.wcrl.webcontrol" name="runKDD" time="21.653"/>
  <testcase classname="hera.wcrl.webcontrol" name="runKDD" time="23.137"/>
  <testcase classname="hera.wcrl.webcontrol" name="runKDD" time="21.822"/>
  <testcase classname="hera.wcrl.webcontrol" name="runKDD" time="15.482"/>
  <testcase classname="hera.wcrl.webcontrol" name="runKDD" time="11.710"/>
  <testcase classname="hera.wcrl.webcontrol" name="runKDD" time="27.193"/>
  <testcase classname="hera.wcrl.webcontrol" name="runKDD" time="29.891"/>
  <testcase classname="hera.wcrl.webcontrol" name="runKDD" time="25.334"/>
  <testcase classname="hera.wcrl.webcontrol" name="runKDD" time="22.072"/>
  <testcase classname="hera.wcrl.webcontrol" name="runKDD" time="15.199"/>
</testsuite> <!-- hera.wcrl.webcontrol -->
